1.203557e+02
2.402737e+02
3.597540e+02
4.787967e+02
5.974016e+02
7.155689e+02
8.332986e+02
9.505905e+02
1.067445e+03
1.183861e+03
1.299840e+03
1.415382e+03
1.530485e+03
1.645151e+03
1.759379e+03
1.873170e+03
1.986523e+03
2.099438e+03
2.211915e+03
2.323955e+03
2.435558e+03
2.546722e+03
2.657449e+03
2.767738e+03
2.877590e+03
2.987003e+03
3.095979e+03
3.204518e+03
3.312619e+03
3.420282e+03
3.527507e+03
3.634295e+03
3.740645e+03
3.846558e+03
3.952032e+03
4.057069e+03
4.161669e+03
4.265830e+03
4.369555e+03
4.472841e+03
4.575690e+03
4.678101e+03
4.780074e+03
4.881610e+03
4.982708e+03
5.083368e+03
5.183590e+03
5.283375e+03
5.382723e+03
5.481632e+03
5.580104e+03
5.678138e+03
5.775734e+03
5.872893e+03
5.969614e+03
6.065897e+03
6.161743e+03
6.257151e+03
6.352121e+03
6.446653e+03
6.540747e+03
6.634404e+03
6.727623e+03
6.820403e+03
6.912746e+03
7.004651e+03
7.096118e+03
7.187147e+03
7.277738e+03
7.367891e+03
7.457606e+03
7.546882e+03
7.635720e+03
7.724120e+03
7.812081e+03
7.899604e+03
7.986687e+03
8.073332e+03
8.159538e+03
8.245304e+03
8.330632e+03
8.415519e+03
8.499967e+03
8.583975e+03
8.667542e+03
8.750669e+03
8.833355e+03
8.915599e+03
8.997402e+03
9.078763e+03
9.159681e+03
9.240156e+03
9.320187e+03
9.399774e+03
9.478916e+03
9.557612e+03
9.635862e+03
9.713665e+03
9.791019e+03
9.867924e+03
9.944379e+03
1.002038e+04
1.009593e+04
1.017103e+04
1.024567e+04
1.031985e+04
1.039358e+04
1.046684e+04
1.053964e+04
1.061198e+04
1.068385e+04
1.075525e+04
1.082618e+04
1.089663e+04
1.096661e+04
1.103610e+04
1.110512e+04
1.117364e+04
1.124167e+04
1.130921e+04
1.137625e+04
1.144278e+04
1.150881e+04
1.157432e+04
1.163932e+04
1.170379e+04
1.176773e+04
1.183114e+04
1.189401e+04
1.195633e+04
1.201810e+04
1.207930e+04
1.213994e+04
1.220000e+04
1.225948e+04
1.231837e+04
1.237666e+04
1.243435e+04
1.249142e+04
1.254787e+04
1.260369e+04
1.265888e+04
1.271341e+04
1.276729e+04
1.282050e+04
1.287305e+04
1.292491e+04
1.297608e+04
1.302656e+04
1.307634e+04
1.312541e+04
1.317376e+04
1.322138e+04
1.326828e+04
1.331444e+04
1.335987e+04
1.340455e+04
1.344848e+04
1.349166e+04
1.353408e+04
1.354646e+04
1.355845e+04
1.357004e+04
1.358125e+04
1.359207e+04
1.360249e+04
1.361253e+04
1.362219e+04
1.363146e+04
1.364035e+04
1.364887e+04
1.365701e+04
1.366479e+04
1.367220e+04
1.367926e+04
1.368597e+04
1.369234e+04
1.369837e+04
1.370406e+04
1.370943e+04
1.371448e+04
1.371923e+04
1.372366e+04
1.372781e+04
1.373166e+04
1.373523e+04
1.373853e+04
1.374156e+04
1.374433e+04
1.374684e+04
1.374911e+04
1.375114e+04
1.375293e+04
1.375450e+04
1.375585e+04
1.375698e+04
1.375791e+04
1.375863e+04
1.375915e+04
1.375949e+04
1.375964e+04
1.375960e+04
1.375939e+04
1.375901e+04
1.375847e+04
1.375776e+04
1.375689e+04
1.375587e+04
1.375470e+04
1.375338e+04
1.375192e+04
1.375031e+04
1.374858e+04
1.374670e+04
1.374470e+04
1.374257e+04
1.374032e+04
1.373795e+04
1.373545e+04
1.373284e+04
1.373011e+04
1.372727e+04
1.372432e+04
1.372126e+04
1.371809e+04
1.371482e+04
1.371144e+04
1.370797e+04
1.370439e+04
1.370071e+04
1.369693e+04
1.369306e+04
1.368910e+04
1.368504e+04
1.368088e+04
1.367664e+04
1.367230e+04
1.366788e+04
1.366336e+04
1.365876e+04
1.365407e+04
1.364929e+04
1.364443e+04
1.363949e+04
1.363446e+04
1.362934e+04
1.362415e+04
1.361887e+04
1.361351e+04
1.360807e+04
1.360254e+04
1.359694e+04
1.359126e+04
1.358550e+04
1.357966e+04
1.357374e+04
1.356774e+04
1.356167e+04
1.355552e+04
1.354929e+04
1.354298e+04
1.353660e+04
1.353014e+04
1.352361e+04
1.351700e+04
1.351031e+04
1.350355e+04
1.349672e+04
1.348981e+04
1.348282e+04
1.347577e+04
1.346863e+04
1.346143e+04
1.345415e+04
1.344679e+04
1.343936e+04
1.343186e+04
1.342429e+04
1.341664e+04
1.340892e+04
1.340113e+04
1.339327e+04
1.338533e+04
1.337732e+04
1.336924e+04
1.336108e+04
1.335285e+04
1.334455e+04
1.333618e+04
1.332774e+04
1.331923e+04
1.331064e+04
1.330198e+04
1.329325e+04
1.328445e+04
1.327558e+04
1.326663e+04
1.325762e+04
1.324853e+04
1.323937e+04
1.323014e+04
1.322084e+04
1.321147e+04
1.320203e+04
1.319252e+04
1.318293e+04
1.317328e+04
1.316355e+04
1.315375e+04
1.314388e+04
1.313394e+04
1.312394e+04
1.311385e+04
1.310370e+04
1.309348e+04
1.308319e+04
1.307283e+04
1.306239e+04
1.305189e+04
1.304131e+04
1.306015e+04
1.307891e+04
1.309760e+04
1.311622e+04
1.313477e+04
1.315325e+04
1.317166e+04
1.319000e+04
1.320827e+04
1.322646e+04
1.324459e+04
1.326265e+04
1.328064e+04
1.329855e+04
1.331640e+04
1.333418e+04
1.335188e+04
1.336952e+04
1.338708e+04
1.340458e+04
1.342200e+04
1.343936e+04
1.345664e+04
1.347386e+04
1.349100e+04
1.350807e+04
1.352508e+04
1.354201e+04
1.355887e+04
1.357567e+04
1.359239e+04
1.360904e+04
1.362562e+04
1.364214e+04
1.365858e+04
1.367495e+04
1.369125e+04
1.370748e+04
1.372365e+04
1.373974e+04
1.375576e+04
1.377171e+04
1.378759e+04
1.380340e+04
1.381915e+04
1.383482e+04
1.385042e+04
1.386595e+04
1.388141e+04
1.389680e+04
1.391212e+04
1.392737e+04
1.394255e+04
1.395766e+04
1.397270e+04
1.398767e+04
1.400257e+04
1.401740e+04
1.403216e+04
1.404685e+04
1.406147e+04
1.407602e+04
1.409050e+04
1.410491e+04
1.411925e+04
1.413352e+04
1.414772e+04
1.416185e+04
1.417591e+04
1.418990e+04
1.420382e+04
1.421767e+04
1.423145e+04
1.424516e+04
1.425880e+04
1.427237e+04
1.428587e+04
1.429930e+04
1.431266e+04
1.432595e+04
1.433917e+04
1.435232e+04
1.436540e+04
1.437841e+04
1.439135e+04
1.440422e+04
1.441702e+04
1.442975e+04
1.444241e+04
1.445500e+04
1.446752e+04
1.447997e+04
1.449235e+04
1.450466e+04
1.451690e+04
1.452907e+04
1.454117e+04
1.455320e+04
1.456516e+04
1.457705e+04
1.458887e+04
1.460061e+04
1.461229e+04
1.462390e+04
1.463544e+04
1.464691e+04
1.465831e+04
1.466964e+04
1.468090e+04
1.469209e+04
1.470321e+04
1.471426e+04
1.472524e+04
1.473615e+04
1.474699e+04
1.475776e+04
1.476846e+04
1.477909e+04
1.478965e+04
1.480014e+04
1.481056e+04
1.482091e+04
1.483119e+04
1.484140e+04
1.485154e+04
1.486161e+04
1.487161e+04
1.488154e+04
1.489140e+04
1.490119e+04
1.491091e+04
1.492056e+04
1.493014e+04
1.493965e+04
1.494909e+04
1.495846e+04
1.496777e+04
1.497700e+04
1.498616e+04
1.499525e+04
1.500427e+04
1.501322e+04
1.502210e+04
1.503091e+04
1.503965e+04
1.504832e+04
1.505692e+04
1.506545e+04
1.507391e+04
1.508230e+04
1.509062e+04
1.509887e+04
1.510705e+04
1.511516e+04
1.512321e+04
1.513118e+04
1.513908e+04
1.514691e+04
1.515467e+04
1.516236e+04
1.516998e+04
1.517753e+04
1.518501e+04
1.519242e+04
1.519976e+04
1.520704e+04
1.521424e+04
1.522137e+04
1.522843e+04
1.523542e+04
1.524234e+04
1.524919e+04
1.525597e+04
1.526269e+04
1.526933e+04
1.527590e+04
1.528240e+04
1.528883e+04
1.529519e+04
1.530148e+04
1.530770e+04
1.531386e+04
1.531994e+04
1.532595e+04
1.533189e+04
1.533776e+04
1.534356e+04
1.534930e+04
1.535496e+04
1.536055e+04
1.536607e+04
1.537152e+04
1.537690e+04
1.538222e+04
1.538746e+04
1.539263e+04
1.539773e+04
1.540276e+04
1.540773e+04
1.541262e+04
1.541744e+04
1.542219e+04
1.542687e+04
1.543149e+04
1.543603e+04
1.544050e+04
1.544490e+04
1.544924e+04
1.545350e+04
1.545769e+04
1.546181e+04
1.546586e+04
1.546985e+04
1.547376e+04
1.547760e+04
1.548137e+04
1.548508e+04
1.548871e+04
1.549227e+04
1.549576e+04
1.549919e+04
1.550254e+04
1.550582e+04
1.550904e+04
1.551218e+04
1.551525e+04
1.551825e+04
1.552119e+04
1.552405e+04
1.552684e+04
1.552957e+04
1.553222e+04
1.553480e+04
1.553731e+04
1.553976e+04
1.554213e+04
1.554443e+04
1.554667e+04
1.554883e+04
1.555092e+04
1.555295e+04
1.555490e+04
1.555678e+04
1.555860e+04
1.556034e+04
1.556201e+04
1.556362e+04
1.556515e+04
1.556661e+04
1.556801e+04
1.556933e+04
1.557058e+04
1.557177e+04
1.557288e+04
1.557392e+04
1.557490e+04
1.557580e+04
1.557664e+04
1.557740e+04
1.557809e+04
1.557872e+04
1.557927e+04
1.557975e+04
1.558017e+04
1.558051e+04
1.558079e+04
1.558099e+04
1.558112e+04
1.557319e+04
1.556371e+04
1.555423e+04
1.554475e+04
1.553527e+04
1.552578e+04
1.551630e+04
1.550682e+04
1.549734e+04
1.548786e+04
1.547838e+04
1.546890e+04
1.545942e+04
1.544993e+04
1.544045e+04
1.543097e+04
1.542149e+04
1.541201e+04
1.540253e+04
1.539305e+04
1.538357e+04
1.537408e+04
1.536460e+04
1.535512e+04
1.534564e+04
1.533616e+04
1.532668e+04
1.531720e+04
1.530772e+04
1.529823e+04
1.528875e+04
1.527927e+04
1.526979e+04
1.526031e+04
1.525083e+04
1.524135e+04
1.523187e+04
1.522238e+04
1.521290e+04
1.520342e+04
1.519394e+04
1.518446e+04
1.517498e+04
1.516550e+04
1.515602e+04
1.514653e+04
1.513705e+04
1.512757e+04
1.511809e+04
1.510861e+04
1.509913e+04
1.508965e+04
1.508017e+04
1.507069e+04
1.506120e+04
1.505172e+04
1.504224e+04
1.503276e+04
1.502328e+04
1.501380e+04
1.500432e+04
1.499484e+04
1.498536e+04
1.497587e+04
1.496639e+04
1.495691e+04
1.494743e+04
1.493795e+04
1.492847e+04
1.491899e+04
1.490951e+04
1.490003e+04
1.489054e+04
1.488106e+04
1.487158e+04
1.486210e+04
1.485262e+04
1.484314e+04
1.483366e+04
1.482418e+04
1.481470e+04
1.480521e+04
1.479573e+04
1.478625e+04
1.477677e+04
1.476729e+04
1.475781e+04
1.474833e+04
1.473885e+04
1.472937e+04
1.471988e+04
1.471040e+04
1.470092e+04
1.469144e+04
1.468196e+04
1.467248e+04
1.466300e+04
1.465352e+04
1.464404e+04
1.463455e+04
1.462507e+04
1.461559e+04
1.460611e+04
1.459663e+04
1.458715e+04
1.457767e+04
1.456819e+04
1.455871e+04
1.454923e+04
1.453974e+04
1.453026e+04
1.452078e+04
1.451130e+04
1.450182e+04
1.449234e+04
1.448286e+04
1.447338e+04
1.446390e+04
1.445442e+04
1.444493e+04
1.443545e+04
1.442597e+04
1.441649e+04
1.440701e+04
1.439753e+04
1.438805e+04
1.437857e+04
1.436909e+04
1.435961e+04
1.435013e+04
1.434064e+04
1.433116e+04
1.432168e+04
1.431220e+04
1.430272e+04
1.429324e+04
1.428376e+04
1.427428e+04
1.426480e+04
1.425532e+04
1.424583e+04
1.423635e+04
1.422687e+04
1.421739e+04
1.420791e+04
1.419843e+04
1.418895e+04
1.417947e+04
1.416999e+04
1.416051e+04
1.415103e+04
1.414154e+04
1.413206e+04
1.412258e+04
1.411310e+04
1.410362e+04
1.409414e+04
1.408466e+04
1.407518e+04
1.406570e+04
1.405622e+04
1.404674e+04
1.403726e+04
1.402777e+04
1.401829e+04
1.400881e+04
1.399933e+04
1.398985e+04
1.398037e+04
1.397089e+04
1.396141e+04
1.395193e+04
1.394245e+04
1.393297e+04
1.392348e+04
1.391400e+04
1.390452e+04
1.389504e+04
1.388556e+04
1.387608e+04
1.386660e+04
1.385712e+04
1.384764e+04
1.383816e+04
1.382868e+04
1.381920e+04
1.380972e+04
1.380023e+04
1.379075e+04
1.378127e+04
1.377179e+04
1.376231e+04
1.375283e+04
1.374335e+04
1.373387e+04
1.372439e+04
1.371491e+04
1.370543e+04
1.369595e+04
1.368646e+04
1.367698e+04
1.366750e+04
1.365802e+04
1.364854e+04
1.363906e+04
1.362958e+04
1.362010e+04
1.361062e+04
1.360114e+04
1.359166e+04
1.358218e+04
1.357270e+04
1.356322e+04
1.355373e+04
1.354425e+04
1.353477e+04
1.352529e+04
1.351581e+04
1.350633e+04
1.349685e+04
1.348737e+04
1.347789e+04
1.346841e+04
1.345893e+04
1.344945e+04
1.343997e+04
1.343049e+04
1.342100e+04
1.341152e+04
1.340204e+04
1.339256e+04
1.338308e+04
1.337360e+04
1.336412e+04
1.335464e+04
1.334516e+04
1.333568e+04
1.332620e+04
1.331672e+04
1.330724e+04
1.329776e+04
1.328828e+04
1.327879e+04
1.326931e+04
1.325983e+04
1.325035e+04
1.324087e+04
1.323139e+04
1.322191e+04
1.321243e+04
1.320295e+04
1.319347e+04
1.318399e+04
1.317451e+04
1.316503e+04
1.315555e+04
1.314607e+04
1.313659e+04
1.312710e+04
1.311762e+04
1.310814e+04
1.309866e+04
1.308918e+04
1.307970e+04
1.307022e+04
1.306074e+04
1.305126e+04
1.304178e+04
1.303230e+04
1.302282e+04
1.301334e+04
1.300386e+04
1.299438e+04
1.298490e+04
1.297542e+04
1.296594e+04
1.295645e+04
1.294697e+04
1.293749e+04
1.292801e+04
1.291853e+04
1.290905e+04
1.289957e+04
1.289009e+04
1.288061e+04
1.287113e+04
1.286165e+04
1.285217e+04
1.284269e+04
1.283321e+04
1.282373e+04
1.281425e+04
1.280477e+04
1.279529e+04
1.278581e+04
1.277632e+04
1.276684e+04
1.275736e+04
1.274788e+04
1.273840e+04
1.272892e+04
1.271944e+04
1.270996e+04
1.270048e+04
1.269100e+04
1.268152e+04
1.267204e+04
1.266256e+04
1.265308e+04
1.264360e+04
1.263412e+04
1.262464e+04
1.261516e+04
1.260568e+04
1.259620e+04
1.258672e+04
1.257723e+04
1.256775e+04
1.255827e+04
1.254879e+04
1.253931e+04
1.252983e+04
1.252035e+04
1.251087e+04
1.250139e+04
1.249191e+04
1.248243e+04
1.247295e+04
1.246347e+04
1.245399e+04
1.244451e+04
1.243503e+04
1.242555e+04
1.241607e+04
1.240659e+04
1.239711e+04
1.238763e+04
1.237815e+04
1.236867e+04
1.235919e+04
1.234971e+04
1.234022e+04
1.233074e+04
1.232126e+04
1.231178e+04
1.230230e+04
1.229282e+04
1.228334e+04
1.227386e+04
1.226438e+04
1.225490e+04
1.224542e+04
1.223594e+04
1.222646e+04
1.221698e+04
1.220750e+04
1.219802e+04
1.218854e+04
1.217906e+04
1.216958e+04
1.216010e+04
1.215062e+04
1.214114e+04
1.213166e+04
1.212218e+04
1.211270e+04
1.210322e+04
1.209374e+04
1.208426e+04
1.207478e+04
1.206530e+04
1.205582e+04
1.204633e+04
1.203685e+04
1.202737e+04
1.201789e+04
1.200841e+04
1.199893e+04
1.198945e+04
1.197997e+04
1.197049e+04
1.196101e+04
1.195153e+04
1.194205e+04
1.193257e+04
1.192309e+04
1.191361e+04
1.190413e+04
1.189465e+04
1.188517e+04
1.187569e+04
1.186621e+04
1.185673e+04
1.184725e+04
1.183777e+04
1.182829e+04
1.181881e+04
1.180933e+04
1.179985e+04
1.179037e+04
1.178089e+04
1.177141e+04
1.176193e+04
1.175245e+04
1.174297e+04
1.173349e+04
1.172401e+04
1.171453e+04
1.170505e+04
1.169557e+04
1.168609e+04
1.167661e+04
