-2.413303e+02
-4.816618e+02
-7.209945e+02
-9.593285e+02
-1.196664e+03
-1.433000e+03
-1.668338e+03
-1.902676e+03
-2.136017e+03
-2.368358e+03
-2.599700e+03
-2.830044e+03
-3.059389e+03
-3.287735e+03
-3.515082e+03
-3.741431e+03
-3.966781e+03
-4.191132e+03
-4.414484e+03
-4.636837e+03
-4.858192e+03
-5.078548e+03
-5.297905e+03
-5.516263e+03
-5.733623e+03
-5.949984e+03
-6.165346e+03
-6.379709e+03
-6.593073e+03
-6.805439e+03
-7.016806e+03
-7.227174e+03
-7.436543e+03
-7.644914e+03
-7.852286e+03
-8.058659e+03
-8.264033e+03
-8.468408e+03
-8.671785e+03
-8.874163e+03
-9.075542e+03
-9.275922e+03
-9.475303e+03
-9.673686e+03
-9.871070e+03
-1.006746e+04
-1.026284e+04
-1.045723e+04
-1.065062e+04
-1.084301e+04
-1.103440e+04
-1.122479e+04
-1.141418e+04
-1.160258e+04
-1.178998e+04
-1.197637e+04
-1.216177e+04
-1.234617e+04
-1.252957e+04
-1.271197e+04
-1.289337e+04
-1.307378e+04
-1.325318e+04
-1.343159e+04
-1.360900e+04
-1.378540e+04
-1.396081e+04
-1.413522e+04
-1.430863e+04
-1.448104e+04
-1.465245e+04
-1.482287e+04
-1.499228e+04
-1.516069e+04
-1.532811e+04
-1.549452e+04
-1.565994e+04
-1.582435e+04
-1.598776e+04
-1.615018e+04
-1.631159e+04
-1.647200e+04
-1.663142e+04
-1.678983e+04
-1.694723e+04
-1.710364e+04
-1.725905e+04
-1.741345e+04
-1.756685e+04
-1.771925e+04
-1.787064e+04
-1.802103e+04
-1.817041e+04
-1.831879e+04
-1.846616e+04
-1.861253e+04
-1.875789e+04
-1.890224e+04
-1.904558e+04
-1.918791e+04
-1.932923e+04
-1.946953e+04
-1.960883e+04
-1.974710e+04
-1.988436e+04
-2.002061e+04
-2.015583e+04
-2.029003e+04
-2.042320e+04
-2.055535e+04
-2.068648e+04
-2.081657e+04
-2.094563e+04
-2.107365e+04
-2.120064e+04
-2.132658e+04
-2.145148e+04
-2.157533e+04
-2.169812e+04
-2.181986e+04
-2.194054e+04
-2.206016e+04
-2.217871e+04
-2.229618e+04
-2.241257e+04
-2.252788e+04
-2.264210e+04
-2.275522e+04
-2.286724e+04
-2.297815e+04
-2.308795e+04
-2.319662e+04
-2.330417e+04
-2.341058e+04
-2.351585e+04
-2.361996e+04
-2.372292e+04
-2.382471e+04
-2.392532e+04
-2.402476e+04
-2.412300e+04
-2.422003e+04
-2.431587e+04
-2.441048e+04
-2.450387e+04
-2.459603e+04
-2.468694e+04
-2.477661e+04
-2.486502e+04
-2.495217e+04
-2.503804e+04
-2.512264e+04
-2.520595e+04
-2.528798e+04
-2.536870e+04
-2.544813e+04
-2.552625e+04
-2.560306e+04
-2.567856e+04
-2.575275e+04
-2.576703e+04
-2.578073e+04
-2.579384e+04
-2.580638e+04
-2.581833e+04
-2.582969e+04
-2.584048e+04
-2.585069e+04
-2.586033e+04
-2.586939e+04
-2.587788e+04
-2.588581e+04
-2.589318e+04
-2.590000e+04
-2.590627e+04
-2.591199e+04
-2.591718e+04
-2.592183e+04
-2.592596e+04
-2.592958e+04
-2.593268e+04
-2.593528e+04
-2.593739e+04
-2.593901e+04
-2.594014e+04
-2.594080e+04
-2.594099e+04
-2.594072e+04
-2.594000e+04
-2.593883e+04
-2.593723e+04
-2.593519e+04
-2.593272e+04
-2.592984e+04
-2.592654e+04
-2.592284e+04
-2.591873e+04
-2.591423e+04
-2.590934e+04
-2.590407e+04
-2.589841e+04
-2.589239e+04
-2.588599e+04
-2.587923e+04
-2.587211e+04
-2.586464e+04
-2.585681e+04
-2.584864e+04
-2.584013e+04
-2.583127e+04
-2.582208e+04
-2.581256e+04
-2.580271e+04
-2.579253e+04
-2.578204e+04
-2.577122e+04
-2.576008e+04
-2.574863e+04
-2.573686e+04
-2.572479e+04
-2.571241e+04
-2.569972e+04
-2.568673e+04
-2.567344e+04
-2.565985e+04
-2.564596e+04
-2.563177e+04
-2.561729e+04
-2.560252e+04
-2.558745e+04
-2.557210e+04
-2.555645e+04
-2.554052e+04
-2.552430e+04
-2.550780e+04
-2.549101e+04
-2.547394e+04
-2.545658e+04
-2.543895e+04
-2.542103e+04
-2.540283e+04
-2.538436e+04
-2.536561e+04
-2.534657e+04
-2.532727e+04
-2.530768e+04
-2.528783e+04
-2.526769e+04
-2.524728e+04
-2.522660e+04
-2.520565e+04
-2.518442e+04
-2.516292e+04
-2.514114e+04
-2.511910e+04
-2.509679e+04
-2.507420e+04
-2.505134e+04
-2.502822e+04
-2.500482e+04
-2.498116e+04
-2.495722e+04
-2.493302e+04
-2.490855e+04
-2.488381e+04
-2.485880e+04
-2.483353e+04
-2.480798e+04
-2.478217e+04
-2.475610e+04
-2.472975e+04
-2.470314e+04
-2.467626e+04
-2.464912e+04
-2.462171e+04
-2.459403e+04
-2.456609e+04
-2.453788e+04
-2.450941e+04
-2.448067e+04
-2.445167e+04
-2.442240e+04
-2.439286e+04
-2.436306e+04
-2.433300e+04
-2.430267e+04
-2.427207e+04
-2.424121e+04
-2.421009e+04
-2.417870e+04
-2.414705e+04
-2.411513e+04
-2.408295e+04
-2.405050e+04
-2.401779e+04
-2.398481e+04
-2.395158e+04
-2.391807e+04
-2.388431e+04
-2.385028e+04
-2.381598e+04
-2.378143e+04
-2.374660e+04
-2.371152e+04
-2.367617e+04
-2.364056e+04
-2.360468e+04
-2.356854e+04
-2.353214e+04
-2.349547e+04
-2.345854e+04
-2.342135e+04
-2.338389e+04
-2.334617e+04
-2.330819e+04
-2.326994e+04
-2.323143e+04
-2.319266e+04
-2.315362e+04
-2.311432e+04
-2.313371e+04
-2.315284e+04
-2.317171e+04
-2.319031e+04
-2.320865e+04
-2.322673e+04
-2.324454e+04
-2.326209e+04
-2.327938e+04
-2.329640e+04
-2.331316e+04
-2.332966e+04
-2.334590e+04
-2.336187e+04
-2.337758e+04
-2.339303e+04
-2.340821e+04
-2.342313e+04
-2.343779e+04
-2.345218e+04
-2.346632e+04
-2.348018e+04
-2.349379e+04
-2.350713e+04
-2.352022e+04
-2.353303e+04
-2.354559e+04
-2.355788e+04
-2.356991e+04
-2.358168e+04
-2.359318e+04
-2.360442e+04
-2.361540e+04
-2.362611e+04
-2.363657e+04
-2.364676e+04
-2.365668e+04
-2.366635e+04
-2.367575e+04
-2.368489e+04
-2.369377e+04
-2.370238e+04
-2.371073e+04
-2.371882e+04
-2.372664e+04
-2.373421e+04
-2.374151e+04
-2.374854e+04
-2.375532e+04
-2.376183e+04
-2.376808e+04
-2.377406e+04
-2.377979e+04
-2.378525e+04
-2.379045e+04
-2.379538e+04
-2.380005e+04
-2.380446e+04
-2.380861e+04
-2.381250e+04
-2.381612e+04
-2.381948e+04
-2.382257e+04
-2.382541e+04
-2.382798e+04
-2.383029e+04
-2.383233e+04
-2.383412e+04
-2.383564e+04
-2.383690e+04
-2.383789e+04
-2.383862e+04
-2.383909e+04
-2.383832e+04
-2.381818e+04
-2.379804e+04
-2.377791e+04
-2.375777e+04
-2.373763e+04
-2.371750e+04
-2.369736e+04
-2.367722e+04
-2.365709e+04
-2.363695e+04
-2.361681e+04
-2.359668e+04
-2.357654e+04
-2.355640e+04
-2.353627e+04
-2.351613e+04
-2.349599e+04
-2.347586e+04
-2.345572e+04
-2.343558e+04
-2.341545e+04
-2.339531e+04
-2.337517e+04
-2.335503e+04
-2.333490e+04
-2.331476e+04
-2.329462e+04
-2.327449e+04
-2.325435e+04
-2.323421e+04
-2.321408e+04
-2.319394e+04
-2.317380e+04
-2.315366e+04
-2.313353e+04
-2.311339e+04
-2.309325e+04
-2.307311e+04
-2.305298e+04
-2.303284e+04
-2.301270e+04
-2.299257e+04
-2.297243e+04
-2.295229e+04
-2.293215e+04
-2.291202e+04
-2.289188e+04
-2.287174e+04
-2.285160e+04
-2.283147e+04
-2.281133e+04
-2.279119e+04
-2.277105e+04
-2.275092e+04
-2.273078e+04
-2.271064e+04
-2.269050e+04
-2.267037e+04
-2.265023e+04
-2.263009e+04
-2.260995e+04
-2.258982e+04
-2.256968e+04
-2.254954e+04
-2.252940e+04
-2.250927e+04
-2.248913e+04
-2.246899e+04
-2.244885e+04
-2.242872e+04
-2.240858e+04
-2.238844e+04
-2.236830e+04
-2.234817e+04
-2.232803e+04
-2.230789e+04
-2.228775e+04
-2.226762e+04
-2.224748e+04
-2.222734e+04
-2.220720e+04
-2.218707e+04
-2.216693e+04
-2.214679e+04
-2.212665e+04
-2.210652e+04
-2.208638e+04
-2.206624e+04
-2.204610e+04
-2.202597e+04
-2.200583e+04
-2.198569e+04
-2.196555e+04
-2.194542e+04
-2.192528e+04
-2.190514e+04
-2.188500e+04
-2.186486e+04
-2.184473e+04
-2.182459e+04
-2.180445e+04
-2.178431e+04
-2.176418e+04
-2.174404e+04
-2.172390e+04
-2.170376e+04
-2.168363e+04
-2.166349e+04
-2.164335e+04
-2.162321e+04
-2.160308e+04
-2.158294e+04
-2.156280e+04
-2.154266e+04
-2.152253e+04
-2.150239e+04
-2.148225e+04
-2.146211e+04
-2.144198e+04
-2.142184e+04
-2.140170e+04
-2.138156e+04
-2.136143e+04
-2.134129e+04
-2.132115e+04
-2.130101e+04
-2.128088e+04
-2.126074e+04
-2.124060e+04
-2.122046e+04
-2.120032e+04
-2.118019e+04
-2.116005e+04
-2.113991e+04
-2.111977e+04
-2.109964e+04
-2.107950e+04
-2.105936e+04
-2.103922e+04
-2.101909e+04
-2.099895e+04
-2.097881e+04
-2.095867e+04
-2.093854e+04
-2.091840e+04
-2.089826e+04
-2.087812e+04
-2.085799e+04
-2.083785e+04
-2.081771e+04
-2.079757e+04
-2.077744e+04
-2.075730e+04
-2.073716e+04
-2.071702e+04
-2.069689e+04
-2.067675e+04
-2.065661e+04
-2.063647e+04
-2.061634e+04
-2.059620e+04
-2.057606e+04
-2.055592e+04
-2.053579e+04
-2.051565e+04
-2.049551e+04
-2.047537e+04
-2.045524e+04
-2.043510e+04
-2.041496e+04
-2.039482e+04
-2.037469e+04
-2.035455e+04
-2.033441e+04
-2.031427e+04
-2.029414e+04
-2.027400e+04
-2.025386e+04
-2.023372e+04
-2.021359e+04
-2.019345e+04
-2.017331e+04
-2.015317e+04
-2.013304e+04
-2.011290e+04
-2.009276e+04
-2.007262e+04
-2.005249e+04
-2.003235e+04
-2.001221e+04
-1.999207e+04
-1.997194e+04
-1.995180e+04
-1.993166e+04
-1.991152e+04
-1.989139e+04
-1.987125e+04
-1.985111e+04
-1.983097e+04
-1.981084e+04
-1.979070e+04
-1.977056e+04
-1.975042e+04
-1.973029e+04
-1.971015e+04
-1.969001e+04
-1.966988e+04
-1.964974e+04
-1.962960e+04
-1.960946e+04
-1.958933e+04
-1.956919e+04
-1.954905e+04
-1.952891e+04
-1.950878e+04
-1.948864e+04
-1.946850e+04
-1.944836e+04
-1.942823e+04
-1.940809e+04
-1.938795e+04
-1.936781e+04
-1.934768e+04
-1.932754e+04
-1.930740e+04
-1.928726e+04
-1.926713e+04
-1.924699e+04
-1.922685e+04
-1.920672e+04
-1.918658e+04
-1.916644e+04
-1.914630e+04
-1.912617e+04
-1.910603e+04
-1.908589e+04
-1.906575e+04
-1.904562e+04
-1.902548e+04
-1.900534e+04
-1.898520e+04
-1.896507e+04
-1.894493e+04
-1.892479e+04
-1.890466e+04
-1.888452e+04
-1.886438e+04
-1.884424e+04
-1.882411e+04
-1.880397e+04
-1.878383e+04
-1.876369e+04
-1.874356e+04
-1.872342e+04
-1.870328e+04
-1.868315e+04
-1.866301e+04
-1.864287e+04
-1.862273e+04
-1.860260e+04
-1.858246e+04
-1.856232e+04
-1.854218e+04
-1.852205e+04
-1.850191e+04
-1.848177e+04
-1.846164e+04
-1.844150e+04
-1.842136e+04
-1.840122e+04
-1.838109e+04
-1.836095e+04
-1.834081e+04
-1.832067e+04
-1.830054e+04
-1.828040e+04
-1.826026e+04
-1.824013e+04
-1.821999e+04
-1.819985e+04
-1.817971e+04
-1.815958e+04
-1.813944e+04
-1.811930e+04
-1.809917e+04
-1.807903e+04
-1.805889e+04
-1.803875e+04
-1.801862e+04
-1.799848e+04
-1.797834e+04
-1.795820e+04
-1.793807e+04
-1.791793e+04
-1.789779e+04
-1.787766e+04
-1.785752e+04
-1.783738e+04
-1.781724e+04
-1.779711e+04
-1.777697e+04
-1.775683e+04
-1.773670e+04
-1.771656e+04
-1.769642e+04
-1.767628e+04
-1.765615e+04
-1.763601e+04
-1.761587e+04
-1.759574e+04
-1.757560e+04
-1.755546e+04
-1.753532e+04
-1.751519e+04
-1.749505e+04
-1.747491e+04
-1.745478e+04
-1.743464e+04
-1.741450e+04
-1.739436e+04
-1.737423e+04
-1.735409e+04
-1.733395e+04
-1.731382e+04
-1.729368e+04
-1.727354e+04
-1.725340e+04
-1.723327e+04
-1.721313e+04
-1.719299e+04
-1.717286e+04
-1.715272e+04
-1.713258e+04
-1.711245e+04
-1.709231e+04
-1.707217e+04
-1.705203e+04
-1.703190e+04
-1.701176e+04
-1.699162e+04
-1.697149e+04
-1.695135e+04
-1.693121e+04
-1.691107e+04
-1.689094e+04
-1.687080e+04
-1.685066e+04
-1.683053e+04
-1.681039e+04
-1.679025e+04
-1.677012e+04
-1.674998e+04
-1.672984e+04
-1.670970e+04
-1.668957e+04
-1.666943e+04
-1.664929e+04
-1.662916e+04
-1.660902e+04
-1.658888e+04
-1.656875e+04
-1.654861e+04
-1.652847e+04
-1.650833e+04
-1.648820e+04
-1.646806e+04
-1.644792e+04
-1.642779e+04
-1.640765e+04
-1.638751e+04
-1.636738e+04
-1.634724e+04
-1.632710e+04
-1.630696e+04
-1.628683e+04
-1.626669e+04
-1.624655e+04
-1.622642e+04
-1.620628e+04
-1.618614e+04
-1.616601e+04
-1.614587e+04
-1.612573e+04
-1.610560e+04
-1.608546e+04
-1.606532e+04
-1.604518e+04
-1.602505e+04
-1.600491e+04
-1.598477e+04
-1.596464e+04
-1.594450e+04
-1.592436e+04
-1.590423e+04
-1.588409e+04
-1.586395e+04
-1.584382e+04
-1.582368e+04
-1.580354e+04
-1.578340e+04
-1.576327e+04
-1.574313e+04
-1.572299e+04
-1.570286e+04
-1.568272e+04
-1.566258e+04
-1.564245e+04
-1.562231e+04
-1.560217e+04
-1.558204e+04
-1.556190e+04
-1.554176e+04
-1.552163e+04
-1.550149e+04
-1.548135e+04
-1.546121e+04
-1.544108e+04
-1.542094e+04
-1.540080e+04
-1.538067e+04
-1.536053e+04
-1.534039e+04
-1.532026e+04
-1.530012e+04
-1.527998e+04
-1.525985e+04
-1.523971e+04
-1.521957e+04
-1.519944e+04
-1.517930e+04
-1.515916e+04
-1.513903e+04
-1.511889e+04
-1.509875e+04
-1.507862e+04
-1.505848e+04
-1.503834e+04
-1.501820e+04
-1.499807e+04
-1.497793e+04
-1.495779e+04
-1.493766e+04
-1.491752e+04
-1.489738e+04
-1.487725e+04
-1.485711e+04
-1.483697e+04
-1.481684e+04
-1.479670e+04
-1.477656e+04
-1.475643e+04
-1.473629e+04
-1.471615e+04
-1.469602e+04
-1.467588e+04
-1.465574e+04
-1.463561e+04
-1.461547e+04
-1.459533e+04
-1.457520e+04
-1.455506e+04
-1.453492e+04
-1.451479e+04
-1.449465e+04
-1.447451e+04
-1.445438e+04
-1.443424e+04
-1.441410e+04
-1.439397e+04
-1.437383e+04
-1.435369e+04
-1.433356e+04
-1.431342e+04
-1.429328e+04
-1.427315e+04
-1.425301e+04
-1.423287e+04
-1.421274e+04
-1.419260e+04
-1.417246e+04
-1.415233e+04
-1.413219e+04
-1.411205e+04
-1.409192e+04
-1.407178e+04
-1.405164e+04
-1.403151e+04
-1.401137e+04
-1.399123e+04
-1.397110e+04
-1.395096e+04
-1.393082e+04
-1.391069e+04
-1.389055e+04
-1.387041e+04
-1.385028e+04
-1.383014e+04
-1.381000e+04
-1.378987e+04
-1.376973e+04
-1.374959e+04
-1.372946e+04
-1.370932e+04
-1.368918e+04
-1.366905e+04
-1.364891e+04
-1.362877e+04
-1.360864e+04
-1.358850e+04
-1.356836e+04
-1.354823e+04
-1.352809e+04
-1.350795e+04
-1.348782e+04
-1.346768e+04
-1.344754e+04
-1.342741e+04
-1.340727e+04
-1.338713e+04
-1.336700e+04
-1.334686e+04
-1.332672e+04
-1.330659e+04
-1.328645e+04
-1.326632e+04
-1.324618e+04
-1.322604e+04
-1.320591e+04
-1.318577e+04
-1.316563e+04
-1.314550e+04
-1.312536e+04
-1.310522e+04
-1.308509e+04
-1.306495e+04
-1.304481e+04
-1.302468e+04
-1.300454e+04
-1.298440e+04
-1.296427e+04
-1.294413e+04
-1.292399e+04
-1.290386e+04
-1.288372e+04
-1.286358e+04
-1.284345e+04
-1.282331e+04
-1.280318e+04
-1.278304e+04
-1.276290e+04
-1.274277e+04
-1.272263e+04
-1.270249e+04
-1.268236e+04
-1.266222e+04
-1.264208e+04
-1.262195e+04
-1.260181e+04
-1.258167e+04
-1.256154e+04
-1.254140e+04
-1.252126e+04
-1.250113e+04
-1.248099e+04
-1.246086e+04
-1.244072e+04
-1.242058e+04
-1.240045e+04
-1.238031e+04
-1.236017e+04
-1.234004e+04
-1.231990e+04
-1.229976e+04
-1.227963e+04
-1.225949e+04
-1.223936e+04
-1.221922e+04
-1.219908e+04
-1.217895e+04
-1.215881e+04
-1.213867e+04
-1.211854e+04
-1.209840e+04
-1.207826e+04
-1.205813e+04
-1.203799e+04
-1.201785e+04
-1.199772e+04
-1.197758e+04
-1.195745e+04
-1.193731e+04
-1.191717e+04
-1.189704e+04
-1.187690e+04
-1.185676e+04
-1.183663e+04
-1.181649e+04
-1.179636e+04
-1.177622e+04
-1.175608e+04
-1.173595e+04
-1.171581e+04
-1.169567e+04
-1.167554e+04
-1.165540e+04
-1.163526e+04
