2.413502e+02
4.817016e+02
7.210543e+02
9.594082e+02
1.196763e+03
1.433120e+03
1.668477e+03
1.902836e+03
2.136196e+03
2.368557e+03
2.599919e+03
2.830283e+03
3.059648e+03
3.288014e+03
3.515381e+03
3.741750e+03
3.967119e+03
4.191490e+03
4.414863e+03
4.637236e+03
4.858611e+03
5.078986e+03
5.298363e+03
5.516742e+03
5.734121e+03
5.950502e+03
6.165884e+03
6.380267e+03
6.593651e+03
6.806037e+03
7.017424e+03
7.227812e+03
7.437201e+03
7.645591e+03
7.852983e+03
8.059376e+03
8.264770e+03
8.469166e+03
8.672562e+03
8.874960e+03
9.076359e+03
9.276759e+03
9.476161e+03
9.674563e+03
9.871967e+03
1.006837e+04
1.026378e+04
1.045819e+04
1.065159e+04
1.084400e+04
1.103542e+04
1.122583e+04
1.141524e+04
1.160366e+04
1.179107e+04
1.197749e+04
1.216291e+04
1.234733e+04
1.253075e+04
1.271317e+04
1.289460e+04
1.307502e+04
1.325445e+04
1.343287e+04
1.361030e+04
1.378673e+04
1.396216e+04
1.413659e+04
1.431003e+04
1.448246e+04
1.465390e+04
1.482433e+04
1.499377e+04
1.516221e+04
1.532965e+04
1.549609e+04
1.566153e+04
1.582598e+04
1.598942e+04
1.615187e+04
1.631331e+04
1.647376e+04
1.663321e+04
1.679166e+04
1.694911e+04
1.710556e+04
1.726102e+04
1.741547e+04
1.756893e+04
1.772138e+04
1.787284e+04
1.802330e+04
1.817276e+04
1.832121e+04
1.846867e+04
1.861514e+04
1.876060e+04
1.890506e+04
1.904852e+04
1.919098e+04
1.933245e+04
1.947291e+04
1.961237e+04
1.975084e+04
1.988830e+04
2.002477e+04
2.016023e+04
2.029469e+04
2.042815e+04
2.056062e+04
2.069208e+04
2.082254e+04
2.095200e+04
2.108045e+04
2.120791e+04
2.133436e+04
2.145982e+04
2.158427e+04
2.170771e+04
2.183016e+04
2.195160e+04
2.207204e+04
2.219147e+04
2.230990e+04
2.242732e+04
2.254374e+04
2.265915e+04
2.277356e+04
2.288696e+04
2.299936e+04
2.311074e+04
2.322112e+04
2.333049e+04
2.343884e+04
2.354619e+04
2.365253e+04
2.375785e+04
2.386216e+04
2.396545e+04
2.406773e+04
2.416900e+04
2.426925e+04
2.436847e+04
2.446668e+04
2.456387e+04
2.466003e+04
2.475517e+04
2.484929e+04
2.494237e+04
2.503443e+04
2.512546e+04
2.521545e+04
2.530441e+04
2.539234e+04
2.547922e+04
2.556507e+04
2.564987e+04
2.573362e+04
2.581633e+04
2.589798e+04
2.592000e+04
2.594170e+04
2.596307e+04
2.598412e+04
2.600484e+04
2.602522e+04
2.604527e+04
2.606499e+04
2.608436e+04
2.610338e+04
2.612205e+04
2.614037e+04
2.615833e+04
2.617593e+04
2.619316e+04
2.621002e+04
2.622651e+04
2.624261e+04
2.625833e+04
2.627366e+04
2.628860e+04
2.630314e+04
2.631728e+04
2.633100e+04
2.634432e+04
2.635722e+04
2.636969e+04
2.638173e+04
2.639335e+04
2.640452e+04
2.641525e+04
2.642554e+04
2.643537e+04
2.644475e+04
2.645367e+04
2.646212e+04
2.647010e+04
2.647761e+04
2.648465e+04
2.649120e+04
2.649727e+04
2.650285e+04
2.650794e+04
2.651254e+04
2.651664e+04
2.652024e+04
2.652334e+04
2.652594e+04
2.652803e+04
2.652962e+04
2.653071e+04
2.653128e+04
2.653135e+04
2.653091e+04
2.652997e+04
2.652851e+04
2.652655e+04
2.652408e+04
2.652111e+04
2.651764e+04
2.651366e+04
2.650918e+04
2.650421e+04
2.649874e+04
2.649277e+04
2.648632e+04
2.647938e+04
2.647195e+04
2.646405e+04
2.645567e+04
2.644681e+04
2.643748e+04
2.642769e+04
2.641743e+04
2.640672e+04
2.639555e+04
2.638393e+04
2.637187e+04
2.635936e+04
2.634641e+04
2.633303e+04
2.631923e+04
2.630499e+04
2.629034e+04
2.627526e+04
2.625978e+04
2.624389e+04
2.622759e+04
2.621089e+04
2.619380e+04
2.617631e+04
2.615843e+04
2.614017e+04
2.612153e+04
2.610251e+04
2.608312e+04
2.606336e+04
2.604323e+04
2.602273e+04
2.600188e+04
2.598067e+04
2.595911e+04
2.593719e+04
2.591493e+04
2.589232e+04
2.586937e+04
2.584608e+04
2.582246e+04
2.579850e+04
2.577421e+04
2.574959e+04
2.572464e+04
2.569937e+04
2.567378e+04
2.564786e+04
2.562163e+04
2.559509e+04
2.556822e+04
2.554105e+04
2.551356e+04
2.548577e+04
2.545767e+04
2.542926e+04
2.540055e+04
2.537154e+04
2.534223e+04
2.531261e+04
2.528270e+04
2.525249e+04
2.522199e+04
2.519119e+04
2.516010e+04
2.512871e+04
2.509704e+04
2.506507e+04
2.503281e+04
2.500027e+04
2.496744e+04
2.493433e+04
2.490092e+04
2.486724e+04
2.483327e+04
2.479901e+04
2.476448e+04
2.472966e+04
2.469456e+04
2.465919e+04
2.462353e+04
2.458759e+04
2.455138e+04
2.451488e+04
2.447811e+04
2.444107e+04
2.440374e+04
2.436614e+04
2.432827e+04
2.429012e+04
2.425170e+04
2.421300e+04
2.417403e+04
2.419374e+04
2.421318e+04
2.423235e+04
2.425124e+04
2.426986e+04
2.428821e+04
2.430629e+04
2.432410e+04
2.434164e+04
2.435891e+04
2.437591e+04
2.439264e+04
2.440910e+04
2.442529e+04
2.444121e+04
2.445686e+04
2.447224e+04
2.448736e+04
2.450220e+04
2.451678e+04
2.453109e+04
2.454514e+04
2.455891e+04
2.457242e+04
2.458566e+04
2.459864e+04
2.461134e+04
2.462378e+04
2.463596e+04
2.464787e+04
2.465951e+04
2.467088e+04
2.468199e+04
2.469284e+04
2.470341e+04
2.471372e+04
2.472377e+04
2.473355e+04
2.474307e+04
2.475232e+04
2.476130e+04
2.477002e+04
2.477847e+04
2.478666e+04
2.479459e+04
2.480225e+04
2.480964e+04
2.481677e+04
2.482364e+04
2.483024e+04
2.483657e+04
2.484265e+04
2.484845e+04
2.485400e+04
2.485928e+04
2.486429e+04
2.486904e+04
2.487353e+04
2.487775e+04
2.488171e+04
2.488540e+04
2.488883e+04
2.489200e+04
2.489490e+04
2.489754e+04
2.489991e+04
2.490202e+04
2.490387e+04
2.490545e+04
2.490677e+04
2.490783e+04
2.490862e+04
2.490915e+04
2.490843e+04
2.488835e+04
2.486827e+04
2.484819e+04
2.482811e+04
2.480803e+04
2.478795e+04
2.476786e+04
2.474778e+04
2.472769e+04
2.470761e+04
2.468752e+04
2.466743e+04
2.464734e+04
2.462726e+04
2.460717e+04
2.458708e+04
2.456699e+04
2.454690e+04
2.452680e+04
2.450671e+04
2.448662e+04
2.446653e+04
2.444643e+04
2.442634e+04
2.440625e+04
2.438615e+04
2.436606e+04
2.434596e+04
2.432587e+04
2.430577e+04
2.428567e+04
2.426558e+04
2.424548e+04
2.422538e+04
2.420528e+04
2.418518e+04
2.416509e+04
2.414499e+04
2.412489e+04
2.410479e+04
2.408469e+04
2.406459e+04
2.404449e+04
2.402439e+04
2.400429e+04
2.398419e+04
2.396408e+04
2.394398e+04
2.392388e+04
2.390378e+04
2.388368e+04
2.386357e+04
2.384347e+04
2.382337e+04
2.380327e+04
2.378316e+04
2.376306e+04
2.374296e+04
2.372285e+04
2.370275e+04
2.368264e+04
2.366254e+04
2.364244e+04
2.362233e+04
2.360223e+04
2.358212e+04
2.356202e+04
2.354191e+04
2.352181e+04
2.350170e+04
2.348160e+04
2.346149e+04
2.344138e+04
2.342128e+04
2.340117e+04
2.338107e+04
2.336096e+04
2.334085e+04
2.332075e+04
2.330064e+04
2.328053e+04
2.326043e+04
2.324032e+04
2.322021e+04
2.320011e+04
2.318000e+04
2.315989e+04
2.313979e+04
2.311968e+04
2.309957e+04
2.307946e+04
2.305936e+04
2.303925e+04
2.301914e+04
2.299903e+04
2.297893e+04
2.295882e+04
2.293871e+04
2.291860e+04
2.289850e+04
2.287839e+04
2.285828e+04
2.283817e+04
2.281806e+04
2.279796e+04
2.277785e+04
2.275774e+04
2.273763e+04
2.271752e+04
2.269741e+04
2.267731e+04
2.265720e+04
2.263709e+04
2.261698e+04
2.259687e+04
2.257676e+04
2.255665e+04
2.253655e+04
2.251644e+04
2.249633e+04
2.247622e+04
2.245611e+04
2.243600e+04
2.241589e+04
2.239578e+04
2.237567e+04
2.235556e+04
2.233546e+04
2.231535e+04
2.229524e+04
2.227513e+04
2.225502e+04
2.223491e+04
2.221480e+04
2.219469e+04
2.217458e+04
2.215447e+04
2.213436e+04
2.211425e+04
2.209415e+04
2.207404e+04
2.205393e+04
2.203382e+04
2.201371e+04
2.199360e+04
2.197349e+04
2.195338e+04
2.193327e+04
2.191316e+04
2.189305e+04
2.187294e+04
2.185283e+04
2.183272e+04
2.181261e+04
2.179250e+04
2.177239e+04
2.175228e+04
2.173217e+04
2.171206e+04
2.169195e+04
2.167185e+04
2.165174e+04
2.163163e+04
2.161152e+04
2.159141e+04
2.157130e+04
2.155119e+04
2.153108e+04
2.151097e+04
2.149086e+04
2.147075e+04
2.145064e+04
2.143053e+04
2.141042e+04
2.139031e+04
2.137020e+04
2.135009e+04
2.132998e+04
2.130987e+04
2.128976e+04
2.126965e+04
2.124954e+04
2.122943e+04
2.120932e+04
2.118921e+04
2.116910e+04
2.114899e+04
2.112888e+04
2.110877e+04
2.108866e+04
2.106855e+04
2.104844e+04
2.102833e+04
2.100822e+04
2.098811e+04
2.096800e+04
2.094789e+04
2.092778e+04
2.090767e+04
2.088756e+04
2.086745e+04
2.084734e+04
2.082723e+04
2.080712e+04
2.078701e+04
2.076690e+04
2.074679e+04
2.072668e+04
2.070657e+04
2.068646e+04
2.066635e+04
2.064624e+04
2.062613e+04
2.060602e+04
2.058591e+04
2.056580e+04
2.054569e+04
2.052558e+04
2.050547e+04
2.048536e+04
2.046525e+04
2.044514e+04
2.042503e+04
2.040492e+04
2.038481e+04
2.036470e+04
2.034459e+04
2.032448e+04
2.030437e+04
2.028426e+04
2.026415e+04
2.024404e+04
2.022393e+04
2.020382e+04
2.018371e+04
2.016360e+04
2.014349e+04
2.012338e+04
2.010327e+04
2.008316e+04
2.006305e+04
2.004294e+04
2.002283e+04
2.000272e+04
1.998261e+04
1.996250e+04
1.994239e+04
1.992228e+04
1.990217e+04
1.988206e+04
1.986195e+04
1.984184e+04
1.982173e+04
1.980162e+04
1.978151e+04
1.976140e+04
1.974130e+04
1.972119e+04
1.970108e+04
1.968097e+04
1.966086e+04
1.964075e+04
1.962064e+04
1.960053e+04
1.958042e+04
1.956031e+04
1.954020e+04
1.952009e+04
1.949998e+04
1.947987e+04
1.945976e+04
1.943965e+04
1.941954e+04
1.939943e+04
1.937932e+04
1.935921e+04
1.933910e+04
1.931899e+04
1.929888e+04
1.927877e+04
1.925866e+04
1.923855e+04
1.921844e+04
1.919833e+04
1.917822e+04
1.915811e+04
1.913800e+04
1.911789e+04
1.909778e+04
1.907767e+04
1.905756e+04
1.903745e+04
1.901734e+04
1.899723e+04
1.897712e+04
1.895701e+04
1.893690e+04
1.891679e+04
1.889668e+04
1.887657e+04
1.885646e+04
1.883635e+04
1.881624e+04
1.879613e+04
1.877602e+04
1.875591e+04
1.873580e+04
1.871569e+04
1.869558e+04
1.867547e+04
1.865536e+04
1.863525e+04
1.861514e+04
1.859503e+04
1.857492e+04
1.855481e+04
1.853470e+04
1.851459e+04
1.849448e+04
1.847437e+04
1.845426e+04
1.843415e+04
1.841404e+04
1.839393e+04
1.837382e+04
1.835371e+04
1.833360e+04
1.831349e+04
1.829339e+04
1.827328e+04
1.825317e+04
1.823306e+04
1.821295e+04
1.819284e+04
1.817273e+04
1.815262e+04
1.813251e+04
1.811240e+04
1.809229e+04
1.807218e+04
1.805207e+04
1.803196e+04
1.801185e+04
1.799174e+04
1.797163e+04
1.795152e+04
1.793141e+04
1.791130e+04
1.789119e+04
1.787108e+04
1.785097e+04
1.783086e+04
1.781075e+04
1.779064e+04
1.777053e+04
1.775042e+04
1.773031e+04
1.771020e+04
1.769009e+04
1.766998e+04
1.764987e+04
1.762976e+04
1.760965e+04
1.758955e+04
1.756944e+04
1.754933e+04
1.752922e+04
1.750911e+04
1.748900e+04
1.746889e+04
1.744878e+04
1.742867e+04
1.740856e+04
1.738845e+04
1.736834e+04
1.734823e+04
1.732812e+04
1.730801e+04
1.728790e+04
1.726779e+04
1.724768e+04
1.722757e+04
1.720746e+04
1.718735e+04
1.716724e+04
1.714713e+04
1.712702e+04
1.710691e+04
1.708680e+04
1.706670e+04
1.704659e+04
1.702648e+04
1.700637e+04
1.698626e+04
1.696615e+04
1.694604e+04
1.692593e+04
1.690582e+04
1.688571e+04
1.686560e+04
1.684549e+04
1.682538e+04
1.680527e+04
1.678516e+04
1.676505e+04
1.674494e+04
1.672483e+04
1.670472e+04
1.668461e+04
1.666450e+04
1.664440e+04
1.662429e+04
1.660418e+04
1.658407e+04
1.656396e+04
1.654385e+04
1.652374e+04
1.650363e+04
1.648352e+04
1.646341e+04
1.644330e+04
1.642319e+04
1.640308e+04
1.638297e+04
1.636286e+04
1.634275e+04
1.632264e+04
1.630253e+04
1.628242e+04
1.626232e+04
1.624221e+04
1.622210e+04
1.620199e+04
1.618188e+04
1.616177e+04
1.614166e+04
1.612155e+04
1.610144e+04
1.608133e+04
1.606122e+04
1.604111e+04
1.602100e+04
1.600089e+04
1.598078e+04
1.596067e+04
1.594057e+04
1.592046e+04
1.590035e+04
1.588024e+04
1.586013e+04
1.584002e+04
1.581991e+04
1.579980e+04
1.577969e+04
1.575958e+04
1.573947e+04
1.571936e+04
1.569925e+04
1.567914e+04
1.565903e+04
1.563893e+04
1.561882e+04
1.559871e+04
1.557860e+04
1.555849e+04
1.553838e+04
1.551827e+04
1.549816e+04
1.547805e+04
1.545794e+04
1.543783e+04
1.541772e+04
1.539761e+04
1.537750e+04
1.535739e+04
1.533729e+04
1.531718e+04
1.529707e+04
1.527696e+04
1.525685e+04
1.523674e+04
1.521663e+04
1.519652e+04
1.517641e+04
1.515630e+04
1.513619e+04
1.511608e+04
1.509597e+04
1.507587e+04
1.505576e+04
1.503565e+04
1.501554e+04
1.499543e+04
1.497532e+04
1.495521e+04
1.493510e+04
1.491499e+04
1.489488e+04
1.487477e+04
1.485466e+04
1.483456e+04
1.481445e+04
1.479434e+04
1.477423e+04
1.475412e+04
1.473401e+04
1.471390e+04
1.469379e+04
1.467368e+04
1.465357e+04
1.463346e+04
1.461335e+04
1.459325e+04
1.457314e+04
1.455303e+04
1.453292e+04
1.451281e+04
1.449270e+04
1.447259e+04
1.445248e+04
1.443237e+04
1.441226e+04
1.439215e+04
1.437205e+04
1.435194e+04
1.433183e+04
1.431172e+04
1.429161e+04
1.427150e+04
1.425139e+04
1.423128e+04
1.421117e+04
1.419106e+04
1.417095e+04
1.415085e+04
1.413074e+04
1.411063e+04
1.409052e+04
1.407041e+04
1.405030e+04
1.403019e+04
1.401008e+04
1.398997e+04
1.396986e+04
1.394976e+04
1.392965e+04
1.390954e+04
1.388943e+04
1.386932e+04
1.384921e+04
1.382910e+04
1.380899e+04
1.378888e+04
1.376877e+04
1.374867e+04
1.372856e+04
1.370845e+04
1.368834e+04
1.366823e+04
1.364812e+04
1.362801e+04
1.360790e+04
1.358779e+04
1.356768e+04
1.354758e+04
1.352747e+04
1.350736e+04
1.348725e+04
1.346714e+04
1.344703e+04
1.342692e+04
1.340681e+04
1.338670e+04
1.336660e+04
1.334649e+04
1.332638e+04
1.330627e+04
1.328616e+04
1.326605e+04
1.324594e+04
1.322583e+04
1.320572e+04
1.318562e+04
1.316551e+04
1.314540e+04
1.312529e+04
1.310518e+04
1.308507e+04
1.306496e+04
1.304485e+04
1.302474e+04
1.300464e+04
1.298453e+04
1.296442e+04
1.294431e+04
1.292420e+04
1.290409e+04
1.288398e+04
1.286387e+04
1.284376e+04
1.282366e+04
1.280355e+04
1.278344e+04
1.276333e+04
1.274322e+04
1.272311e+04
